0 info it worked if it ends with ok
1 verbose cli [ 'C:\\Program Files\\nodejs\\node.exe',
1 verbose cli   'C:\\Program Files\\nodejs\\node_modules\\npm\\bin\\npm-cli.js',
1 verbose cli   'run',
1 verbose cli   'dev' ]
2 info using npm@3.10.10
3 info using node@v6.11.2
4 verbose run-script [ 'predev', 'dev', 'postdev' ]
5 info lifecycle rabo_bank_assignment@1.0.0~predev: rabo_bank_assignment@1.0.0
6 silly lifecycle rabo_bank_assignment@1.0.0~predev: no script for predev, continuing
7 info lifecycle rabo_bank_assignment@1.0.0~dev: rabo_bank_assignment@1.0.0
8 verbose lifecycle rabo_bank_assignment@1.0.0~dev: unsafe-perm in lifecycle true
9 verbose lifecycle rabo_bank_assignment@1.0.0~dev: PATH: C:\Program Files\nodejs\node_modules\npm\bin\node-gyp-bin;E:\assignment-FE\node_modules\.bin;C:\Program Files (x86)\Intel\iCLS Client\;C:\Program Files\Intel\iCLS Client\;C:\windows\system32;C:\windows;C:\windows\System32\Wbem;C:\windows\System32\WindowsPowerShell\v1.0\;C:\Program Files (x86)\Intel\Intel(R) Management Engine Components\DAL;C:\Program Files\Intel\Intel(R) Management Engine Components\DAL;C:\Program Files (x86)\Intel\Intel(R) Management Engine Components\IPT;C:\Program Files\Intel\Intel(R) Management Engine Components\IPT;C:\Program Files\Git\cmd;C:\Program Files\Microsoft VS Code\bin;C:\Program Files\nodejs\;C:\Program Files\Microsoft VS Code\bin;C:\Users\Kamal\AppData\Roaming\npm
10 verbose lifecycle rabo_bank_assignment@1.0.0~dev: CWD: E:\assignment-FE
11 silly lifecycle rabo_bank_assignment@1.0.0~dev: Args: [ '/d /s /c', 'npm i && http-server' ]
12 silly lifecycle rabo_bank_assignment@1.0.0~dev: Returned: code: 3221225786  signal: null
13 info lifecycle rabo_bank_assignment@1.0.0~dev: Failed to exec dev script
14 verbose stack Error: rabo_bank_assignment@1.0.0 dev: `npm i && http-server`
14 verbose stack Exit status 3221225786
14 verbose stack     at EventEmitter.<anonymous> (C:\Program Files\nodejs\node_modules\npm\lib\utils\lifecycle.js:255:16)
14 verbose stack     at emitTwo (events.js:106:13)
14 verbose stack     at EventEmitter.emit (events.js:191:7)
14 verbose stack     at ChildProcess.<anonymous> (C:\Program Files\nodejs\node_modules\npm\lib\utils\spawn.js:40:14)
14 verbose stack     at emitTwo (events.js:106:13)
14 verbose stack     at ChildProcess.emit (events.js:191:7)
14 verbose stack     at maybeClose (internal/child_process.js:891:16)
14 verbose stack     at Process.ChildProcess._handle.onexit (internal/child_process.js:226:5)
15 verbose pkgid rabo_bank_assignment@1.0.0
16 verbose cwd E:\assignment-FE
17 error Windows_NT 10.0.10586
18 error argv "C:\\Program Files\\nodejs\\node.exe" "C:\\Program Files\\nodejs\\node_modules\\npm\\bin\\npm-cli.js" "run" "dev"
19 error node v6.11.2
20 error npm  v3.10.10
21 error code ELIFECYCLE
22 error rabo_bank_assignment@1.0.0 dev: `npm i && http-server`
22 error Exit status 3221225786
23 error Failed at the rabo_bank_assignment@1.0.0 dev script 'npm i && http-server'.
23 error Make sure you have the latest version of node.js and npm installed.
23 error If you do, this is most likely a problem with the rabo_bank_assignment package,
23 error not with npm itself.
23 error Tell the author that this fails on your system:
23 error     npm i && http-server
23 error You can get information on how to open an issue for this project with:
23 error     npm bugs rabo_bank_assignment
23 error Or if that isn't available, you can get their info via:
23 error     npm owner ls rabo_bank_assignment
23 error There is likely additional logging output above.
24 verbose exit [ 1, true ]
